# JRE version: OpenJDK Runtime Environment (8.0_112-b06) (build 1.8.0_112-release-b06)
# Java VM: OpenJDK 64-Bit Server VM (25.112-b06 mixed mode linux-amd64 compressed oops)
Heap:
 PSYoungGen      total 254464K, used 34293K [0x00000000e0000000, 0x00000000f3200000, 0x0000000100000000)
  eden space 201728K, 0% used [0x00000000e0000000,0x00000000e0000000,0x00000000ec500000)
  from space 52736K, 65% used [0x00000000ec500000,0x00000000ee67d718,0x00000000ef880000)
  to   space 49152K, 0% used [0x00000000ef880000,0x00000000ef880000,0x00000000f2880000)
 ParOldGen       total 153088K, used 95531K [0x00000000a0000000, 0x00000000a9580000, 0x00000000e0000000)
  object space 153088K, 62% used [0x00000000a0000000,0x00000000a5d4ada0,0x00000000a9580000)
 Metaspace       used 74323K, capacity 78334K, committed 78720K, reserved 1118208K
  class space    used 9364K, capacity 10020K, committed 10112K, reserved 1048576K
GC Heap History (10 events):
Event: 2709,819 GC heap after
Heap after GC invocations=30 (full 3):
 PSYoungGen      total 188416K, used 32246K [0x00000000e0000000, 0x00000000f0000000, 0x0000000100000000)
  eden space 156160K, 0% used [0x00000000e0000000,0x00000000e0000000,0x00000000e9880000)
  from space 32256K, 99% used [0x00000000e9880000,0x00000000eb7fda98,0x00000000eb800000)
  to   space 40960K, 0% used [0x00000000ed800000,0x00000000ed800000,0x00000000f0000000)
 ParOldGen       total 93184K, used 78720K [0x00000000a0000000, 0x00000000a5b00000, 0x00000000e0000000)
  object space 93184K, 84% used [0x00000000a0000000,0x00000000a4ce0048,0x00000000a5b00000)
 Metaspace       used 73860K, capacity 77994K, committed 78208K, reserved 1118208K
  class space    used 9386K, capacity 10068K, committed 10112K, reserved 1048576K
}
Event: 2710,844 GC heap before
{Heap before GC invocations=31 (full 3):
 PSYoungGen      total 188416K, used 188406K [0x00000000e0000000, 0x00000000f0000000, 0x0000000100000000)
  eden space 156160K, 100% used [0x00000000e0000000,0x00000000e9880000,0x00000000e9880000)
  from space 32256K, 99% used [0x00000000e9880000,0x00000000eb7fda98,0x00000000eb800000)
  to   space 40960K, 0% used [0x00000000ed800000,0x00000000ed800000,0x00000000f0000000)
 ParOldGen       total 93184K, used 78720K [0x00000000a0000000, 0x00000000a5b00000, 0x00000000e0000000)
  object space 93184K, 84% used [0x00000000a0000000,0x00000000a4ce0048,0x00000000a5b00000)
 Metaspace       used 73980K, capacity 78122K, committed 78208K, reserved 1118208K
  class space    used 9386K, capacity 10068K, committed 10112K, reserved 1048576K
Event: 2710,993 GC heap after
Heap after GC invocations=31 (full 3):
 PSYoungGen      total 209920K, used 40943K [0x00000000e0000000, 0x00000000f1d80000, 0x0000000100000000)
  eden space 168960K, 0% used [0x00000000e0000000,0x00000000e0000000,0x00000000ea500000)
  from space 40960K, 99% used [0x00000000ed800000,0x00000000efffbe20,0x00000000f0000000)
  to   space 52224K, 0% used [0x00000000ea500000,0x00000000ea500000,0x00000000ed800000)
 ParOldGen       total 93184K, used 91716K [0x00000000a0000000, 0x00000000a5b00000, 0x00000000e0000000)
  object space 93184K, 98% used [0x00000000a0000000,0x00000000a59912f8,0x00000000a5b00000)
 Metaspace       used 73980K, capacity 78122K, committed 78208K, reserved 1118208K
  class space    used 9386K, capacity 10068K, committed 10112K, reserved 1048576K
}
Event: 2710,993 GC heap before
{Heap before GC invocations=32 (full 4):
 PSYoungGen      total 209920K, used 40943K [0x00000000e0000000, 0x00000000f1d80000, 0x0000000100000000)
  eden space 168960K, 0% used [0x00000000e0000000,0x00000000e0000000,0x00000000ea500000)
  from space 40960K, 99% used [0x00000000ed800000,0x00000000efffbe20,0x00000000f0000000)
  to   space 52224K, 0% used [0x00000000ea500000,0x00000000ea500000,0x00000000ed800000)
 ParOldGen       total 93184K, used 91716K [0x00000000a0000000, 0x00000000a5b00000, 0x00000000e0000000)
  object space 93184K, 98% used [0x00000000a0000000,0x00000000a59912f8,0x00000000a5b00000)
 Metaspace       used 73980K, capacity 78122K, committed 78208K, reserved 1118208K
  class space    used 9386K, capacity 10068K, committed 10112K, reserved 1048576K
Event: 2711,916 GC heap after
Heap after GC invocations=32 (full 4):
 PSYoungGen      total 209920K, used 6116K [0x00000000e0000000, 0x00000000f1d80000, 0x0000000100000000)
  eden space 168960K, 0% used [0x00000000e0000000,0x00000000e0000000,0x00000000ea500000)
  from space 40960K, 14% used [0x00000000ed800000,0x00000000eddf9280,0x00000000f0000000)
  to   space 52224K, 0% used [0x00000000ea500000,0x00000000ea500000,0x00000000ed800000)
 ParOldGen       total 153088K, used 92739K [0x00000000a0000000, 0x00000000a9580000, 0x00000000e0000000)
  object space 153088K, 60% used [0x00000000a0000000,0x00000000a5a90da0,0x00000000a9580000)
 Metaspace       used 73821K, capacity 77822K, committed 78208K, reserved 1118208K
  class space    used 9357K, capacity 10020K, committed 10112K, reserved 1048576K
}
Event: 2713,454 GC heap before
{Heap before GC invocations=33 (full 4):
 PSYoungGen      total 209920K, used 175076K [0x00000000e0000000, 0x00000000f1d80000, 0x0000000100000000)
  eden space 168960K, 100% used [0x00000000e0000000,0x00000000ea500000,0x00000000ea500000)
  from space 40960K, 14% used [0x00000000ed800000,0x00000000eddf9280,0x00000000f0000000)
  to   space 52224K, 0% used [0x00000000ea500000,0x00000000ea500000,0x00000000ed800000)
 ParOldGen       total 153088K, used 92739K [0x00000000a0000000, 0x00000000a9580000, 0x00000000e0000000)
  object space 153088K, 60% used [0x00000000a0000000,0x00000000a5a90da0,0x00000000a9580000)
 Metaspace       used 74138K, capacity 78078K, committed 78464K, reserved 1118208K
  class space    used 9362K, capacity 10020K, committed 10112K, reserved 1048576K
Event: 2713,534 GC heap after
Heap after GC invocations=33 (full 4):
 PSYoungGen      total 221184K, used 20791K [0x00000000e0000000, 0x00000000f2880000, 0x0000000100000000)
  eden space 168960K, 0% used [0x00000000e0000000,0x00000000e0000000,0x00000000ea500000)
  from space 52224K, 39% used [0x00000000ea500000,0x00000000eb94dc38,0x00000000ed800000)
  to   space 49152K, 0% used [0x00000000ef880000,0x00000000ef880000,0x00000000f2880000)
 ParOldGen       total 153088K, used 92739K [0x00000000a0000000, 0x00000000a9580000, 0x00000000e0000000)
  object space 153088K, 60% used [0x00000000a0000000,0x00000000a5a90da0,0x00000000a9580000)
 Metaspace       used 74138K, capacity 78078K, committed 78464K, reserved 1118208K
  class space    used 9362K, capacity 10020K, committed 10112K, reserved 1048576K
}
Event: 2714,467 GC heap before
{Heap before GC invocations=34 (full 4):
 PSYoungGen      total 221184K, used 189751K [0x00000000e0000000, 0x00000000f2880000, 0x0000000100000000)
  eden space 168960K, 100% used [0x00000000e0000000,0x00000000ea500000,0x00000000ea500000)
  from space 52224K, 39% used [0x00000000ea500000,0x00000000eb94dc38,0x00000000ed800000)
  to   space 49152K, 0% used [0x00000000ef880000,0x00000000ef880000,0x00000000f2880000)
 ParOldGen       total 153088K, used 92739K [0x00000000a0000000, 0x00000000a9580000, 0x00000000e0000000)
  object space 153088K, 60% used [0x00000000a0000000,0x00000000a5a90da0,0x00000000a9580000)
 Metaspace       used 74248K, capacity 78270K, committed 78720K, reserved 1118208K
  class space    used 9364K, capacity 10020K, committed 10112K, reserved 1048576K
Event: 2714,578 GC heap after
Heap after GC invocations=34 (full 4):
 PSYoungGen      total 250880K, used 38962K [0x00000000e0000000, 0x00000000f3200000, 0x0000000100000000)
  eden space 201728K, 0% used [0x00000000e0000000,0x00000000e0000000,0x00000000ec500000)
  from space 49152K, 79% used [0x00000000ef880000,0x00000000f1e8cb50,0x00000000f2880000)
  to   space 52736K, 0% used [0x00000000ec500000,0x00000000ec500000,0x00000000ef880000)
 ParOldGen       total 153088K, used 93907K [0x00000000a0000000, 0x00000000a9580000, 0x00000000e0000000)
  object space 153088K, 61% used [0x00000000a0000000,0x00000000a5bb4da0,0x00000000a9580000)
 Metaspace       used 74248K, capacity 78270K, committed 78720K, reserved 1118208K
  class space    used 9364K, capacity 10020K, committed 10112K, reserved 1048576K
}
Event: 2716,819 GC heap before
{Heap before GC invocations=35 (full 4):
 PSYoungGen      total 250880K, used 240690K [0x00000000e0000000, 0x00000000f3200000, 0x0000000100000000)
  eden space 201728K, 100% used [0x00000000e0000000,0x00000000ec500000,0x00000000ec500000)
  from space 49152K, 79% used [0x00000000ef880000,0x00000000f1e8cb50,0x00000000f2880000)
  to   space 52736K, 0% used [0x00000000ec500000,0x00000000ec500000,0x00000000ef880000)
 ParOldGen       total 153088K, used 93907K [0x00000000a0000000, 0x00000000a9580000, 0x00000000e0000000)
  object space 153088K, 61% used [0x00000000a0000000,0x00000000a5bb4da0,0x00000000a9580000)
 Metaspace       used 74323K, capacity 78334K, committed 78720K, reserved 1118208K
  class space    used 9364K, capacity 10020K, committed 10112K, reserved 1048576K

